[0518/235949.810:ERROR:process_memory_win.cc(73)] ReadMemory at 0x7ff6e3660000 of 64 bytes failed: Only part of a ReadProcessMemory or WriteProcessMemory request was completed. (0x12B)
[0518/235949.815:WARNING:pe_image_reader.cc(340)] could not read dos header from C:\Program Files (x86)\Google\Chrome\Application\chrome.exe
[0518/235949.816:ERROR:process_memory_win.cc(73)] ReadMemory at 0x7ff962540000 of 64 bytes failed: Only part of a ReadProcessMemory or WriteProcessMemory request was completed. (0x12B)
[0518/235949.816:WARNING:pe_image_reader.cc(340)] could not read dos header from C:\WINDOWS\SYSTEM32\ntdll.dll
[0518/235949.816:ERROR:process_memory_win.cc(73)] ReadMemory at 0x7ff961f00000 of 64 bytes failed: Only part of a ReadProcessMemory or WriteProcessMemory request was completed. (0x12B)
[0518/235949.817:WARNING:pe_image_reader.cc(340)] could not read dos header from C:\WINDOWS\System32\KERNEL32.DLL
[0518/235949.817:ERROR:process_memory_win.cc(73)] ReadMemory at 0x7ff95ff80000 of 64 bytes failed: Only part of a ReadProcessMemory or WriteProcessMemory request was completed. (0x12B)
[0518/235949.817:WARNING:pe_image_reader.cc(340)] could not read dos header from C:\WINDOWS\System32\KERNELBASE.dll
[0518/235949.817:ERROR:process_memory_win.cc(73)] ReadMemory at 0x7ff91c750000 of 64 bytes failed: Only part of a ReadProcessMemory or WriteProcessMemory request was completed. (0x12B)
[0518/235949.817:WARNING:pe_image_reader.cc(340)] could not read dos header from C:\Program Files (x86)\Google\Chrome\Application\81.0.4044.138\chrome_elf.dll
[0518/235949.818:ERROR:process_memory_win.cc(73)] ReadMemory at 0x7ff95d120000 of 64 bytes failed: Only part of a ReadProcessMemory or WriteProcessMemory request was completed. (0x12B)
[0518/235949.818:WARNING:pe_image_reader.cc(340)] could not read dos header from C:\WINDOWS\SYSTEM32\VERSION.dll
[0518/235949.818:ERROR:process_memory_win.cc(73)] ReadMemory at 0x7ff960b60000 of 64 bytes failed: Only part of a ReadProcessMemory or WriteProcessMemory request was completed. (0x12B)
[0518/235949.818:WARNING:pe_image_reader.cc(340)] could not read dos header from C:\WINDOWS\System32\msvcrt.dll
[0518/235949.818:ERROR:process_memory_win.cc(73)] ReadMemory at 0x7ff9604c0000 of 64 bytes failed: Only part of a ReadProcessMemory or WriteProcessMemory request was completed. (0x12B)
[0518/235949.818:WARNING:pe_image_reader.cc(340)] could not read dos header from C:\WINDOWS\System32\bcryptPrimitives.dll
[0518/235949.819:ERROR:process_memory_win.cc(73)] ReadMemory at 0x7ff960790000 of 64 bytes failed: Only part of a ReadProcessMemory or WriteProcessMemory request was completed. (0x12B)
[0518/235949.819:WARNING:pe_image_reader.cc(340)] could not read dos header from C:\WINDOWS\System32\ADVAPI32.dll
[0518/235949.819:ERROR:process_memory_win.cc(73)] ReadMemory at 0x7ff9611c0000 of 64 bytes failed: Only part of a ReadProcessMemory or WriteProcessMemory request was completed. (0x12B)
[0518/235949.819:WARNING:pe_image_reader.cc(340)] could not read dos header from C:\WINDOWS\System32\sechost.dll
[0518/235949.820:ERROR:process_memory_win.cc(73)] ReadMemory at 0x7ff961b20000 of 64 bytes failed: Only part of a ReadProcessMemory or WriteProcessMemory request was completed. (0x12B)
[0518/235949.820:WARNING:pe_image_reader.cc(340)] could not read dos header from C:\WINDOWS\System32\RPCRT4.dll
[0518/235949.820:ERROR:process_memory_win.cc(73)] ReadMemory at 0x7ff8de7f0000 of 64 bytes failed: Only part of a ReadProcessMemory or WriteProcessMemory request was completed. (0x12B)
[0518/235949.820:WARNING:pe_image_reader.cc(340)] could not read dos header from C:\Program Files (x86)\Google\Chrome\Application\81.0.4044.138\chrome.dll
[0518/235949.821:ERROR:process_memory_win.cc(73)] ReadMemory at 0x7ff9620a0000 of 64 bytes failed: Only part of a ReadProcessMemory or WriteProcessMemory request was completed. (0x12B)
[0518/235949.821:WARNING:pe_image_reader.cc(340)] could not read dos header from C:\WINDOWS\System32\WS2_32.dll
[0518/235949.821:ERROR:process_memory_win.cc(73)] ReadMemory at 0x7ff9610f0000 of 64 bytes failed: Only part of a ReadProcessMemory or WriteProcessMemory request was completed. (0x12B)
[0518/235949.822:WARNING:pe_image_reader.cc(340)] could not read dos header from C:\WINDOWS\System32\OLEAUT32.dll
[0518/235949.822:ERROR:process_memory_win.cc(73)] ReadMemory at 0x7ff960230000 of 64 bytes failed: Only part of a ReadProcessMemory or WriteProcessMemory request was completed. (0x12B)
[0518/235949.822:WARNING:pe_image_reader.cc(340)] could not read dos header from C:\WINDOWS\System32\msvcp_win.dll
[0518/235949.822:ERROR:process_memory_win.cc(73)] ReadMemory at 0x7ff95fc80000 of 64 bytes failed: Only part of a ReadProcessMemory or WriteProcessMemory request was completed. (0x12B)
[0518/235949.823:WARNING:pe_image_reader.cc(340)] could not read dos header from C:\WINDOWS\System32\ucrtbase.dll
[0518/235949.823:ERROR:process_memory_win.cc(73)] ReadMemory at 0x7ff962110000 of 64 bytes failed: Only part of a ReadProcessMemory or WriteProcessMemory request was completed. (0x12B)
[0518/235949.823:WARNING:pe_image_reader.cc(340)] could not read dos header from C:\WINDOWS\System32\combase.dll
[0518/235949.823:ERROR:process_memory_win.cc(73)] ReadMemory at 0x7ff960590000 of 64 bytes failed: Only part of a ReadProcessMemory or WriteProcessMemory request was completed. (0x12B)
[0518/235949.823:WARNING:pe_image_reader.cc(340)] could not read dos header from C:\WINDOWS\System32\WINTRUST.dll
[0518/235949.823:ERROR:process_memory_win.cc(73)] ReadMemory at 0x7ff95f460000 of 64 bytes failed: Only part of a ReadProcessMemory or WriteProcessMemory request was completed. (0x12B)
[0518/235949.824:WARNING:pe_image_reader.cc(340)] could not read dos header from C:\WINDOWS\System32\MSASN1.dll
[0518/235949.824:ERROR:process_memory_win.cc(73)] ReadMemory at 0x7ff95fd80000 of 64 bytes failed: Only part of a ReadProcessMemory or WriteProcessMemory request was completed. (0x12B)
[0518/235949.824:WARNING:pe_image_reader.cc(340)] could not read dos header from C:\WINDOWS\System32\CRYPT32.dll
[0518/235949.824:ERROR:process_memory_win.cc(73)] ReadMemory at 0x7ff95e2a0000 of 64 bytes failed: Only part of a ReadProcessMemory or WriteProcessMemory request was completed. (0x12B)
[0518/235949.824:WARNING:pe_image_reader.cc(340)] could not read dos header from C:\WINDOWS\SYSTEM32\IPHLPAPI.DLL
[0518/235949.824:ERROR:process_memory_win.cc(73)] ReadMemory at 0x7ff95bcb0000 of 64 bytes failed: Only part of a ReadProcessMemory or WriteProcessMemory request was completed. (0x12B)
[0518/235949.824:WARNING:pe_image_reader.cc(340)] could not read dos header from C:\WINDOWS\SYSTEM32\WINMM.dll
[0518/235949.826:ERROR:process_memory_win.cc(73)] ReadMemory at 0x7ff95d130000 of 64 bytes failed: Only part of a ReadProcessMemory or WriteProcessMemory request was completed. (0x12B)
[0518/235949.826:WARNING:pe_image_reader.cc(340)] could not read dos header from C:\WINDOWS\SYSTEM32\Secur32.dll
[0518/235949.826:ERROR:process_memory_win.cc(73)] ReadMemory at 0x7ff95f320000 of 64 bytes failed: Only part of a ReadProcessMemory or WriteProcessMemory request was completed. (0x12B)
[0518/235949.826:WARNING:pe_image_reader.cc(340)] could not read dos header from C:\WINDOWS\SYSTEM32\USERENV.dll
[0518/235949.826:ERROR:process_memory_win.cc(73)] ReadMemory at 0x7ff95f480000 of 64 bytes failed: Only part of a ReadProcessMemory or WriteProcessMemory request was completed. (0x12B)
[0518/235949.827:WARNING:pe_image_reader.cc(340)] could not read dos header from C:\WINDOWS\System32\profapi.dll
[0518/235949.827:ERROR:process_memory_win.cc(73)] ReadMemory at 0x7ff92f730000 of 64 bytes failed: Only part of a ReadProcessMemory or WriteProcessMemory request was completed. (0x12B)
[0518/235949.827:WARNING:pe_image_reader.cc(340)] could not read dos header from C:\WINDOWS\SYSTEM32\UIAutomationCore.DLL
[0518/235949.827:ERROR:process_memory_win.cc(73)] ReadMemory at 0x7ff94e310000 of 64 bytes failed: Only part of a ReadProcessMemory or WriteProcessMemory request was completed. (0x12B)
[0518/235949.827:WARNING:pe_image_reader.cc(340)] could not read dos header from C:\WINDOWS\SYSTEM32\DWrite.dll
[0518/235949.827:ERROR:process_memory_win.cc(73)] ReadMemory at 0x7ff94c0d0000 of 64 bytes failed: Only part of a ReadProcessMemory or WriteProcessMemory request was completed. (0x12B)
[0518/235949.827:WARNING:pe_image_reader.cc(340)] could not read dos header from C:\WINDOWS\SYSTEM32\WINSPOOL.DRV
[0518/235949.827:ERROR:process_memory_win.cc(73)] ReadMemory at 0x7ff95f4b0000 of 64 bytes failed: Only part of a ReadProcessMemory or WriteProcessMemory request was completed. (0x12B)
[0518/235949.827:WARNING:pe_image_reader.cc(340)] could not read dos header from C:\WINDOWS\System32\kernel.appcore.dll
[0518/235949.827:ERROR:process_memory_win.cc(73)] ReadMemory at 0x7ff95fc50000 of 64 bytes failed: Only part of a ReadProcessMemory or WriteProcessMemory request was completed. (0x12B)
[0518/235949.827:WARNING:pe_image_reader.cc(340)] could not read dos header from C:\WINDOWS\System32\bcrypt.dll
[0518/235949.827:ERROR:process_memory_win.cc(73)] ReadMemory at 0x7ff95eeb0000 of 64 bytes failed: Only part of a ReadProcessMemory or WriteProcessMemory request was completed. (0x12B)
[0518/235949.827:WARNING:pe_image_reader.cc(340)] could not read dos header from C:\WINDOWS\SYSTEM32\dbghelp.dll
[0518/235949.827:ERROR:process_memory_win.cc(73)] ReadMemory at 0x7ff951970000 of 64 bytes failed: Only part of a ReadProcessMemory or WriteProcessMemory request was completed. (0x12B)
[0518/235949.827:WARNING:pe_image_reader.cc(340)] could not read dos header from C:\WINDOWS\SYSTEM32\WINHTTP.dll
[0518/235949.827:ERROR:process_memory_win.cc(73)] ReadMemory at 0x7ff951e70000 of 64 bytes failed: Only part of a ReadProcessMemory or WriteProcessMemory request was completed. (0x12B)
[0518/235949.827:WARNING:pe_image_reader.cc(340)] could not read dos header from C:\WINDOWS\SYSTEM32\dhcpcsvc.DLL
[0518/235949.827:ERROR:process_memory_win.cc(73)] ReadMemory at 0x7ff961c70000 of 64 bytes failed: Only part of a ReadProcessMemory or WriteProcessMemory request was completed. (0x12B)
[0518/235949.827:WARNING:pe_image_reader.cc(340)] could not read dos header from C:\WINDOWS\System32\NSI.dll
[0518/235949.827:ERROR:process_memory_win.cc(73)] ReadMemory at 0x7ff95bc80000 of 64 bytes failed: Only part of a ReadProcessMemory or WriteProcessMemory request was completed. (0x12B)
[0518/235949.827:WARNING:pe_image_reader.cc(340)] could not read dos header from C:\WINDOWS\SYSTEM32\WINMMBASE.dll
[0518/235949.827:ERROR:process_memory_win.cc(73)] ReadMemory at 0x7ff9602d0000 of 64 bytes failed: Only part of a ReadProcessMemory or WriteProcessMemory request was completed. (0x12B)
[0518/235949.827:WARNING:pe_image_reader.cc(340)] could not read dos header from C:\WINDOWS\System32\cfgmgr32.dll
[0518/235949.827:ERROR:process_memory_win.cc(73)] ReadMemory at 0x7ff95cd60000 of 64 bytes failed: Only part of a ReadProcessMemory or WriteProcessMemory request was completed. (0x12B)
[0518/235949.827:WARNING:pe_image_reader.cc(340)] could not read dos header from C:\WINDOWS\SYSTEM32\PROPSYS.dll
[0518/235949.827:ERROR:process_memory_win.cc(73)] ReadMemory at 0x7ff962450000 of 64 bytes failed: Only part of a ReadProcessMemory or WriteProcessMemory request was completed. (0x12B)
[0518/235949.827:WARNING:pe_image_reader.cc(340)] could not read dos header from C:\WINDOWS\System32\shcore.dll
[0518/235949.827:ERROR:process_memory_win.cc(73)] ReadMemory at 0x7ff95f2f0000 of 64 bytes failed: Only part of a ReadProcessMemory or WriteProcessMemory request was completed. (0x12B)
[0518/235949.827:WARNING:pe_image_reader.cc(340)] could not read dos header from C:\WINDOWS\SYSTEM32\SSPICLI.DLL
[0518/235949.827:ERROR:process_memory_win.cc(73)] ReadMemory at 0x7ff95f2e0000 of 64 bytes failed: Only part of a ReadProcessMemory or WriteProcessMemory request was completed. (0x12B)
[0518/235949.827:WARNING:pe_image_reader.cc(340)] could not read dos header from C:\WINDOWS\SYSTEM32\CRYPTBASE.DLL
[0518/235949.975:ERROR:process_memory_win.cc(73)] ReadMemory at 0x7ff6e3660000 of 64 bytes failed: Only part of a ReadProcessMemory or WriteProcessMemory request was completed. (0x12B)
[0518/235949.975:WARNING:pe_image_reader.cc(340)] could not read dos header from C:\Program Files (x86)\Google\Chrome\Application\chrome.exe
[0518/235949.976:ERROR:process_memory_win.cc(73)] ReadMemory at 0x7ff962540000 of 64 bytes failed: Only part of a ReadProcessMemory or WriteProcessMemory request was completed. (0x12B)
[0518/235949.976:WARNING:pe_image_reader.cc(340)] could not read dos header from C:\WINDOWS\SYSTEM32\ntdll.dll
[0518/235949.976:ERROR:process_memory_win.cc(73)] ReadMemory at 0x7ff961f00000 of 64 bytes failed: Only part of a ReadProcessMemory or WriteProcessMemory request was completed. (0x12B)
[0518/235949.976:WARNING:pe_image_reader.cc(340)] could not read dos header from C:\WINDOWS\System32\KERNEL32.DLL
[0518/235949.976:ERROR:process_memory_win.cc(73)] ReadMemory at 0x7ff95ff80000 of 64 bytes failed: Only part of a ReadProcessMemory or WriteProcessMemory request was completed. (0x12B)
[0518/235949.976:WARNING:pe_image_reader.cc(340)] could not read dos header from C:\WINDOWS\System32\KERNELBASE.dll
[0518/235949.976:ERROR:process_memory_win.cc(73)] ReadMemory at 0x7ff91c750000 of 64 bytes failed: Only part of a ReadProcessMemory or WriteProcessMemory request was completed. (0x12B)
[0518/235949.976:WARNING:pe_image_reader.cc(340)] could not read dos header from C:\Program Files (x86)\Google\Chrome\Application\81.0.4044.138\chrome_elf.dll
[0518/235949.977:ERROR:process_memory_win.cc(73)] ReadMemory at 0x7ff95d120000 of 64 bytes failed: Only part of a ReadProcessMemory or WriteProcessMemory request was completed. (0x12B)
[0518/235949.977:WARNING:pe_image_reader.cc(340)] could not read dos header from C:\WINDOWS\SYSTEM32\VERSION.dll
[0518/235949.977:ERROR:process_memory_win.cc(73)] ReadMemory at 0x7ff960b60000 of 64 bytes failed: Only part of a ReadProcessMemory or WriteProcessMemory request was completed. (0x12B)
[0518/235949.977:WARNING:pe_image_reader.cc(340)] could not read dos header from C:\WINDOWS\System32\msvcrt.dll
[0518/235949.977:ERROR:process_memory_win.cc(73)] ReadMemory at 0x7ff9604c0000 of 64 bytes failed: Only part of a ReadProcessMemory or WriteProcessMemory request was completed. (0x12B)
[0518/235949.977:WARNING:pe_image_reader.cc(340)] could not read dos header from C:\WINDOWS\System32\bcryptPrimitives.dll
[0518/235949.977:ERROR:process_memory_win.cc(73)] ReadMemory at 0x7ff960790000 of 64 bytes failed: Only part of a ReadProcessMemory or WriteProcessMemory request was completed. (0x12B)
[0518/235949.978:WARNING:pe_image_reader.cc(340)] could not read dos header from C:\WINDOWS\System32\ADVAPI32.dll
[0518/235949.978:ERROR:process_memory_win.cc(73)] ReadMemory at 0x7ff9611c0000 of 64 bytes failed: Only part of a ReadProcessMemory or WriteProcessMemory request was completed. (0x12B)
[0518/235949.978:WARNING:pe_image_reader.cc(340)] could not read dos header from C:\WINDOWS\System32\sechost.dll
[0518/235949.978:ERROR:process_memory_win.cc(73)] ReadMemory at 0x7ff961b20000 of 64 bytes failed: Only part of a ReadProcessMemory or WriteProcessMemory request was completed. (0x12B)
[0518/235949.978:WARNING:pe_image_reader.cc(340)] could not read dos header from C:\WINDOWS\System32\RPCRT4.dll
[0518/235949.978:ERROR:process_memory_win.cc(73)] ReadMemory at 0x7ff8de7f0000 of 64 bytes failed: Only part of a ReadProcessMemory or WriteProcessMemory request was completed. (0x12B)
[0518/235949.979:WARNING:pe_image_reader.cc(340)] could not read dos header from C:\Program Files (x86)\Google\Chrome\Application\81.0.4044.138\chrome.dll
[0518/235949.979:ERROR:process_memory_win.cc(73)] ReadMemory at 0x7ff9620a0000 of 64 bytes failed: Only part of a ReadProcessMemory or WriteProcessMemory request was completed. (0x12B)
[0518/235949.979:WARNING:pe_image_reader.cc(340)] could not read dos header from C:\WINDOWS\System32\WS2_32.dll
[0518/235949.979:ERROR:process_memory_win.cc(73)] ReadMemory at 0x7ff9610f0000 of 64 bytes failed: Only part of a ReadProcessMemory or WriteProcessMemory request was completed. (0x12B)
[0518/235949.979:WARNING:pe_image_reader.cc(340)] could not read dos header from C:\WINDOWS\System32\OLEAUT32.dll
[0518/235949.980:ERROR:process_memory_win.cc(73)] ReadMemory at 0x7ff960230000 of 64 bytes failed: Only part of a ReadProcessMemory or WriteProcessMemory request was completed. (0x12B)
[0518/235949.980:WARNING:pe_image_reader.cc(340)] could not read dos header from C:\WINDOWS\System32\msvcp_win.dll
[0518/235949.980:ERROR:process_memory_win.cc(73)] ReadMemory at 0x7ff95fc80000 of 64 bytes failed: Only part of a ReadProcessMemory or WriteProcessMemory request was completed. (0x12B)
[0518/235949.980:WARNING:pe_image_reader.cc(340)] could not read dos header from C:\WINDOWS\System32\ucrtbase.dll
[0518/235949.980:ERROR:process_memory_win.cc(73)] ReadMemory at 0x7ff962110000 of 64 bytes failed: Only part of a ReadProcessMemory or WriteProcessMemory request was completed. (0x12B)
[0518/235949.980:WARNING:pe_image_reader.cc(340)] could not read dos header from C:\WINDOWS\System32\combase.dll
[0518/235949.981:ERROR:process_memory_win.cc(73)] ReadMemory at 0x7ff960590000 of 64 bytes failed: Only part of a ReadProcessMemory or WriteProcessMemory request was completed. (0x12B)
[0518/235949.981:WARNING:pe_image_reader.cc(340)] could not read dos header from C:\WINDOWS\System32\WINTRUST.dll
[0518/235949.981:ERROR:process_memory_win.cc(73)] ReadMemory at 0x7ff95f460000 of 64 bytes failed: Only part of a ReadProcessMemory or WriteProcessMemory request was completed. (0x12B)
[0518/235949.981:WARNING:pe_image_reader.cc(340)] could not read dos header from C:\WINDOWS\System32\MSASN1.dll
[0518/235949.981:ERROR:process_memory_win.cc(73)] ReadMemory at 0x7ff95fd80000 of 64 bytes failed: Only part of a ReadProcessMemory or WriteProcessMemory request was completed. (0x12B)
[0518/235949.982:WARNING:pe_image_reader.cc(340)] could not read dos header from C:\WINDOWS\System32\CRYPT32.dll
[0518/235949.982:ERROR:process_memory_win.cc(73)] ReadMemory at 0x7ff95e2a0000 of 64 bytes failed: Only part of a ReadProcessMemory or WriteProcessMemory request was completed. (0x12B)
[0518/235949.982:WARNING:pe_image_reader.cc(340)] could not read dos header from C:\WINDOWS\SYSTEM32\IPHLPAPI.DLL
[0518/235949.982:ERROR:process_memory_win.cc(73)] ReadMemory at 0x7ff95bcb0000 of 64 bytes failed: Only part of a ReadProcessMemory or WriteProcessMemory request was completed. (0x12B)
[0518/235949.982:WARNING:pe_image_reader.cc(340)] could not read dos header from C:\WINDOWS\SYSTEM32\WINMM.dll
[0518/235949.982:ERROR:process_memory_win.cc(73)] ReadMemory at 0x7ff95d130000 of 64 bytes failed: Only part of a ReadProcessMemory or WriteProcessMemory request was completed. (0x12B)
[0518/235949.982:WARNING:pe_image_reader.cc(340)] could not read dos header from C:\WINDOWS\SYSTEM32\Secur32.dll
[0518/235949.982:ERROR:process_memory_win.cc(73)] ReadMemory at 0x7ff95f320000 of 64 bytes failed: Only part of a ReadProcessMemory or WriteProcessMemory request was completed. (0x12B)
[0518/235949.982:WARNING:pe_image_reader.cc(340)] could not read dos header from C:\WINDOWS\SYSTEM32\USERENV.dll
[0518/235949.982:ERROR:process_memory_win.cc(73)] ReadMemory at 0x7ff95f480000 of 64 bytes failed: Only part of a ReadProcessMemory or WriteProcessMemory request was completed. (0x12B)
[0518/235949.982:WARNING:pe_image_reader.cc(340)] could not read dos header from C:\WINDOWS\System32\profapi.dll
[0518/235949.982:ERROR:process_memory_win.cc(73)] ReadMemory at 0x7ff92f730000 of 64 bytes failed: Only part of a ReadProcessMemory or WriteProcessMemory request was completed. (0x12B)
[0518/235949.983:WARNING:pe_image_reader.cc(340)] could not read dos header from C:\WINDOWS\SYSTEM32\UIAutomationCore.DLL
[0518/235949.983:ERROR:process_memory_win.cc(73)] ReadMemory at 0x7ff94e310000 of 64 bytes failed: Only part of a ReadProcessMemory or WriteProcessMemory request was completed. (0x12B)
[0518/235949.983:WARNING:pe_image_reader.cc(340)] could not read dos header from C:\WINDOWS\SYSTEM32\DWrite.dll
[0518/235949.984:ERROR:process_memory_win.cc(73)] ReadMemory at 0x7ff94c0d0000 of 64 bytes failed: Only part of a ReadProcessMemory or WriteProcessMemory request was completed. (0x12B)
[0518/235949.984:WARNING:pe_image_reader.cc(340)] could not read dos header from C:\WINDOWS\SYSTEM32\WINSPOOL.DRV
[0518/235949.984:ERROR:process_memory_win.cc(73)] ReadMemory at 0x7ff95f4b0000 of 64 bytes failed: Only part of a ReadProcessMemory or WriteProcessMemory request was completed. (0x12B)
[0518/235949.984:WARNING:pe_image_reader.cc(340)] could not read dos header from C:\WINDOWS\System32\kernel.appcore.dll
[0518/235949.984:ERROR:process_memory_win.cc(73)] ReadMemory at 0x7ff95fc50000 of 64 bytes failed: Only part of a ReadProcessMemory or WriteProcessMemory request was completed. (0x12B)
[0518/235949.984:WARNING:pe_image_reader.cc(340)] could not read dos header from C:\WINDOWS\System32\bcrypt.dll
[0518/235949.984:ERROR:process_memory_win.cc(73)] ReadMemory at 0x7ff95eeb0000 of 64 bytes failed: Only part of a ReadProcessMemory or WriteProcessMemory request was completed. (0x12B)
[0518/235949.984:WARNING:pe_image_reader.cc(340)] could not read dos header from C:\WINDOWS\SYSTEM32\dbghelp.dll
[0518/235949.985:ERROR:process_memory_win.cc(73)] ReadMemory at 0x7ff951970000 of 64 bytes failed: Only part of a ReadProcessMemory or WriteProcessMemory request was completed. (0x12B)
[0518/235949.985:WARNING:pe_image_reader.cc(340)] could not read dos header from C:\WINDOWS\SYSTEM32\WINHTTP.dll
[0518/235949.985:ERROR:process_memory_win.cc(73)] ReadMemory at 0x7ff951e70000 of 64 bytes failed: Only part of a ReadProcessMemory or WriteProcessMemory request was completed. (0x12B)
[0518/235949.985:WARNING:pe_image_reader.cc(340)] could not read dos header from C:\WINDOWS\SYSTEM32\dhcpcsvc.DLL
[0518/235949.985:ERROR:process_memory_win.cc(73)] ReadMemory at 0x7ff961c70000 of 64 bytes failed: Only part of a ReadProcessMemory or WriteProcessMemory request was completed. (0x12B)
[0518/235949.985:WARNING:pe_image_reader.cc(340)] could not read dos header from C:\WINDOWS\System32\NSI.dll
[0518/235949.985:ERROR:process_memory_win.cc(73)] ReadMemory at 0x7ff95bc80000 of 64 bytes failed: Only part of a ReadProcessMemory or WriteProcessMemory request was completed. (0x12B)
[0518/235949.985:WARNING:pe_image_reader.cc(340)] could not read dos header from C:\WINDOWS\SYSTEM32\WINMMBASE.dll
[0518/235949.985:ERROR:process_memory_win.cc(73)] ReadMemory at 0x7ff9602d0000 of 64 bytes failed: Only part of a ReadProcessMemory or WriteProcessMemory request was completed. (0x12B)
[0518/235949.985:WARNING:pe_image_reader.cc(340)] could not read dos header from C:\WINDOWS\System32\cfgmgr32.dll
[0518/235949.985:ERROR:process_memory_win.cc(73)] ReadMemory at 0x7ff95cd60000 of 64 bytes failed: Only part of a ReadProcessMemory or WriteProcessMemory request was completed. (0x12B)
[0518/235949.985:WARNING:pe_image_reader.cc(340)] could not read dos header from C:\WINDOWS\SYSTEM32\PROPSYS.dll
[0518/235949.985:ERROR:process_memory_win.cc(73)] ReadMemory at 0x7ff962450000 of 64 bytes failed: Only part of a ReadProcessMemory or WriteProcessMemory request was completed. (0x12B)
[0518/235949.985:WARNING:pe_image_reader.cc(340)] could not read dos header from C:\WINDOWS\System32\shcore.dll
[0518/235949.985:ERROR:process_memory_win.cc(73)] ReadMemory at 0x7ff95f2f0000 of 64 bytes failed: Only part of a ReadProcessMemory or WriteProcessMemory request was completed. (0x12B)
[0518/235949.985:WARNING:pe_image_reader.cc(340)] could not read dos header from C:\WINDOWS\SYSTEM32\SSPICLI.DLL
[0518/235949.985:ERROR:process_memory_win.cc(73)] ReadMemory at 0x7ff95f2e0000 of 64 bytes failed: Only part of a ReadProcessMemory or WriteProcessMemory request was completed. (0x12B)
[0518/235949.985:WARNING:pe_image_reader.cc(340)] could not read dos header from C:\WINDOWS\SYSTEM32\CRYPTBASE.DLL
[0518/235949.985:ERROR:process_memory_win.cc(73)] ReadMemory at 0x7ff6e3660000 of 64 bytes failed: Only part of a ReadProcessMemory or WriteProcessMemory request was completed. (0x12B)
[0518/235949.985:WARNING:pe_image_reader.cc(340)] could not read dos header from C:\Program Files (x86)\Google\Chrome\Application\chrome.exe
[0518/235949.985:ERROR:process_memory_win.cc(73)] ReadMemory at 0x7ff962540000 of 64 bytes failed: Only part of a ReadProcessMemory or WriteProcessMemory request was completed. (0x12B)
[0518/235949.985:WARNING:pe_image_reader.cc(340)] could not read dos header from C:\WINDOWS\SYSTEM32\ntdll.dll
[0518/235949.985:ERROR:process_memory_win.cc(73)] ReadMemory at 0x7ff961f00000 of 64 bytes failed: Only part of a ReadProcessMemory or WriteProcessMemory request was completed. (0x12B)
[0518/235949.985:WARNING:pe_image_reader.cc(340)] could not read dos header from C:\WINDOWS\System32\KERNEL32.DLL
[0518/235949.985:ERROR:process_memory_win.cc(73)] ReadMemory at 0x7ff95ff80000 of 64 bytes failed: Only part of a ReadProcessMemory or WriteProcessMemory request was completed. (0x12B)
[0518/235949.985:WARNING:pe_image_reader.cc(340)] could not read dos header from C:\WINDOWS\System32\KERNELBASE.dll
[0518/235949.985:ERROR:process_memory_win.cc(73)] ReadMemory at 0x7ff91c750000 of 64 bytes failed: Only part of a ReadProcessMemory or WriteProcessMemory request was completed. (0x12B)
[0518/235949.985:WARNING:pe_image_reader.cc(340)] could not read dos header from C:\Program Files (x86)\Google\Chrome\Application\81.0.4044.138\chrome_elf.dll
[0518/235949.985:ERROR:process_memory_win.cc(73)] ReadMemory at 0x7ff95d120000 of 64 bytes failed: Only part of a ReadProcessMemory or WriteProcessMemory request was completed. (0x12B)
[0518/235949.985:WARNING:pe_image_reader.cc(340)] could not read dos header from C:\WINDOWS\SYSTEM32\VERSION.dll
[0518/235949.985:ERROR:process_memory_win.cc(73)] ReadMemory at 0x7ff960b60000 of 64 bytes failed: Only part of a ReadProcessMemory or WriteProcessMemory request was completed. (0x12B)
[0518/235949.985:WARNING:pe_image_reader.cc(340)] could not read dos header from C:\WINDOWS\System32\msvcrt.dll
[0518/235949.985:ERROR:process_memory_win.cc(73)] ReadMemory at 0x7ff9604c0000 of 64 bytes failed: Only part of a ReadProcessMemory or WriteProcessMemory request was completed. (0x12B)
[0518/235949.985:WARNING:pe_image_reader.cc(340)] could not read dos header from C:\WINDOWS\System32\bcryptPrimitives.dll
[0518/235949.985:ERROR:process_memory_win.cc(73)] ReadMemory at 0x7ff960790000 of 64 bytes failed: Only part of a ReadProcessMemory or WriteProcessMemory request was completed. (0x12B)
[0518/235949.985:WARNING:pe_image_reader.cc(340)] could not read dos header from C:\WINDOWS\System32\ADVAPI32.dll
[0518/235949.985:ERROR:process_memory_win.cc(73)] ReadMemory at 0x7ff9611c0000 of 64 bytes failed: Only part of a ReadProcessMemory or WriteProcessMemory request was completed. (0x12B)
[0518/235949.985:WARNING:pe_image_reader.cc(340)] could not read dos header from C:\WINDOWS\System32\sechost.dll
[0518/235949.985:ERROR:process_memory_win.cc(73)] ReadMemory at 0x7ff961b20000 of 64 bytes failed: Only part of a ReadProcessMemory or WriteProcessMemory request was completed. (0x12B)
[0518/235949.985:WARNING:pe_image_reader.cc(340)] could not read dos header from C:\WINDOWS\System32\RPCRT4.dll
[0518/235949.985:ERROR:process_memory_win.cc(73)] ReadMemory at 0x7ff8de7f0000 of 64 bytes failed: Only part of a ReadProcessMemory or WriteProcessMemory request was completed. (0x12B)
[0518/235949.985:WARNING:pe_image_reader.cc(340)] could not read dos header from C:\Program Files (x86)\Google\Chrome\Application\81.0.4044.138\chrome.dll
[0518/235949.985:ERROR:process_memory_win.cc(73)] ReadMemory at 0x7ff9620a0000 of 64 bytes failed: Only part of a ReadProcessMemory or WriteProcessMemory request was completed. (0x12B)
[0518/235949.985:WARNING:pe_image_reader.cc(340)] could not read dos header from C:\WINDOWS\System32\WS2_32.dll
[0518/235949.985:ERROR:process_memory_win.cc(73)] ReadMemory at 0x7ff9610f0000 of 64 bytes failed: Only part of a ReadProcessMemory or WriteProcessMemory request was completed. (0x12B)
[0518/235949.985:WARNING:pe_image_reader.cc(340)] could not read dos header from C:\WINDOWS\System32\OLEAUT32.dll
[0518/235949.985:ERROR:process_memory_win.cc(73)] ReadMemory at 0x7ff960230000 of 64 bytes failed: Only part of a ReadProcessMemory or WriteProcessMemory request was completed. (0x12B)
[0518/235949.985:WARNING:pe_image_reader.cc(340)] could not read dos header from C:\WINDOWS\System32\msvcp_win.dll
[0518/235949.985:ERROR:process_memory_win.cc(73)] ReadMemory at 0x7ff95fc80000 of 64 bytes failed: Only part of a ReadProcessMemory or WriteProcessMemory request was completed. (0x12B)
[0518/235949.985:WARNING:pe_image_reader.cc(340)] could not read dos header from C:\WINDOWS\System32\ucrtbase.dll
[0518/235949.985:ERROR:process_memory_win.cc(73)] ReadMemory at 0x7ff962110000 of 64 bytes failed: Only part of a ReadProcessMemory or WriteProcessMemory request was completed. (0x12B)
[0518/235949.985:WARNING:pe_image_reader.cc(340)] could not read dos header from C:\WINDOWS\System32\combase.dll
[0518/235949.985:ERROR:process_memory_win.cc(73)] ReadMemory at 0x7ff960590000 of 64 bytes failed: Only part of a ReadProcessMemory or WriteProcessMemory request was completed. (0x12B)
[0518/235949.985:WARNING:pe_image_reader.cc(340)] could not read dos header from C:\WINDOWS\System32\WINTRUST.dll
[0518/235949.985:ERROR:process_memory_win.cc(73)] ReadMemory at 0x7ff95f460000 of 64 bytes failed: Only part of a ReadProcessMemory or WriteProcessMemory request was completed. (0x12B)
[0518/235949.985:WARNING:pe_image_reader.cc(340)] could not read dos header from C:\WINDOWS\System32\MSASN1.dll
[0518/235949.985:ERROR:process_memory_win.cc(73)] ReadMemory at 0x7ff95fd80000 of 64 bytes failed: Only part of a ReadProcessMemory or WriteProcessMemory request was completed. (0x12B)
[0518/235949.985:WARNING:pe_image_reader.cc(340)] could not read dos header from C:\WINDOWS\System32\CRYPT32.dll
[0518/235949.985:ERROR:process_memory_win.cc(73)] ReadMemory at 0x7ff95e2a0000 of 64 bytes failed: Only part of a ReadProcessMemory or WriteProcessMemory request was completed. (0x12B)
[0518/235949.985:WARNING:pe_image_reader.cc(340)] could not read dos header from C:\WINDOWS\SYSTEM32\IPHLPAPI.DLL
[0518/235949.985:ERROR:process_memory_win.cc(73)] ReadMemory at 0x7ff95bcb0000 of 64 bytes failed: Only part of a ReadProcessMemory or WriteProcessMemory request was completed. (0x12B)
[0518/235949.985:WARNING:pe_image_reader.cc(340)] could not read dos header from C:\WINDOWS\SYSTEM32\WINMM.dll
[0518/235949.985:ERROR:process_memory_win.cc(73)] ReadMemory at 0x7ff95d130000 of 64 bytes failed: Only part of a ReadProcessMemory or WriteProcessMemory request was completed. (0x12B)
[0518/235949.985:WARNING:pe_image_reader.cc(340)] could not read dos header from C:\WINDOWS\SYSTEM32\Secur32.dll
[0518/235949.985:ERROR:process_memory_win.cc(73)] ReadMemory at 0x7ff95f320000 of 64 bytes failed: Only part of a ReadProcessMemory or WriteProcessMemory request was completed. (0x12B)
[0518/235949.985:WARNING:pe_image_reader.cc(340)] could not read dos header from C:\WINDOWS\SYSTEM32\USERENV.dll
[0518/235949.985:ERROR:process_memory_win.cc(73)] ReadMemory at 0x7ff95f480000 of 64 bytes failed: Only part of a ReadProcessMemory or WriteProcessMemory request was completed. (0x12B)
[0518/235949.985:WARNING:pe_image_reader.cc(340)] could not read dos header from C:\WINDOWS\System32\profapi.dll
[0518/235949.985:ERROR:process_memory_win.cc(73)] ReadMemory at 0x7ff92f730000 of 64 bytes failed: Only part of a ReadProcessMemory or WriteProcessMemory request was completed. (0x12B)
[0518/235949.985:WARNING:pe_image_reader.cc(340)] could not read dos header from C:\WINDOWS\SYSTEM32\UIAutomationCore.DLL
[0518/235949.985:ERROR:process_memory_win.cc(73)] ReadMemory at 0x7ff94e310000 of 64 bytes failed: Only part of a ReadProcessMemory or WriteProcessMemory request was completed. (0x12B)
[0518/235949.985:WARNING:pe_image_reader.cc(340)] could not read dos header from C:\WINDOWS\SYSTEM32\DWrite.dll
[0518/235949.985:ERROR:process_memory_win.cc(73)] ReadMemory at 0x7ff94c0d0000 of 64 bytes failed: Only part of a ReadProcessMemory or WriteProcessMemory request was completed. (0x12B)
[0518/235949.985:WARNING:pe_image_reader.cc(340)] could not read dos header from C:\WINDOWS\SYSTEM32\WINSPOOL.DRV
[0518/235949.985:ERROR:process_memory_win.cc(73)] ReadMemory at 0x7ff95f4b0000 of 64 bytes failed: Only part of a ReadProcessMemory or WriteProcessMemory request was completed. (0x12B)
[0518/235949.985:WARNING:pe_image_reader.cc(340)] could not read dos header from C:\WINDOWS\System32\kernel.appcore.dll
[0518/235949.985:ERROR:process_memory_win.cc(73)] ReadMemory at 0x7ff95fc50000 of 64 bytes failed: Only part of a ReadProcessMemory or WriteProcessMemory request was completed. (0x12B)
[0518/235949.985:WARNING:pe_image_reader.cc(340)] could not read dos header from C:\WINDOWS\System32\bcrypt.dll
[0518/235949.985:ERROR:process_memory_win.cc(73)] ReadMemory at 0x7ff95eeb0000 of 64 bytes failed: Only part of a ReadProcessMemory or WriteProcessMemory request was completed. (0x12B)
[0518/235949.985:WARNING:pe_image_reader.cc(340)] could not read dos header from C:\WINDOWS\SYSTEM32\dbghelp.dll
[0518/235949.985:ERROR:process_memory_win.cc(73)] ReadMemory at 0x7ff951970000 of 64 bytes failed: Only part of a ReadProcessMemory or WriteProcessMemory request was completed. (0x12B)
[0518/235949.985:WARNING:pe_image_reader.cc(340)] could not read dos header from C:\WINDOWS\SYSTEM32\WINHTTP.dll
[0518/235949.985:ERROR:process_memory_win.cc(73)] ReadMemory at 0x7ff951e70000 of 64 bytes failed: Only part of a ReadProcessMemory or WriteProcessMemory request was completed. (0x12B)
[0518/235949.985:WARNING:pe_image_reader.cc(340)] could not read dos header from C:\WINDOWS\SYSTEM32\dhcpcsvc.DLL
[0518/235949.985:ERROR:process_memory_win.cc(73)] ReadMemory at 0x7ff961c70000 of 64 bytes failed: Only part of a ReadProcessMemory or WriteProcessMemory request was completed. (0x12B)
[0518/235949.985:WARNING:pe_image_reader.cc(340)] could not read dos header from C:\WINDOWS\System32\NSI.dll
[0518/235949.985:ERROR:process_memory_win.cc(73)] ReadMemory at 0x7ff95bc80000 of 64 bytes failed: Only part of a ReadProcessMemory or WriteProcessMemory request was completed. (0x12B)
[0518/235949.985:WARNING:pe_image_reader.cc(340)] could not read dos header from C:\WINDOWS\SYSTEM32\WINMMBASE.dll
[0518/235949.985:ERROR:process_memory_win.cc(73)] ReadMemory at 0x7ff9602d0000 of 64 bytes failed: Only part of a ReadProcessMemory or WriteProcessMemory request was completed. (0x12B)
[0518/235949.985:WARNING:pe_image_reader.cc(340)] could not read dos header from C:\WINDOWS\System32\cfgmgr32.dll
[0518/235949.985:ERROR:process_memory_win.cc(73)] ReadMemory at 0x7ff95cd60000 of 64 bytes failed: Only part of a ReadProcessMemory or WriteProcessMemory request was completed. (0x12B)
[0518/235949.985:WARNING:pe_image_reader.cc(340)] could not read dos header from C:\WINDOWS\SYSTEM32\PROPSYS.dll
[0518/235949.985:ERROR:process_memory_win.cc(73)] ReadMemory at 0x7ff962450000 of 64 bytes failed: Only part of a ReadProcessMemory or WriteProcessMemory request was completed. (0x12B)
[0518/235949.985:WARNING:pe_image_reader.cc(340)] could not read dos header from C:\WINDOWS\System32\shcore.dll
[0518/235949.985:ERROR:process_memory_win.cc(73)] ReadMemory at 0x7ff95f2f0000 of 64 bytes failed: Only part of a ReadProcessMemory or WriteProcessMemory request was completed. (0x12B)
[0518/235949.985:WARNING:pe_image_reader.cc(340)] could not read dos header from C:\WINDOWS\SYSTEM32\SSPICLI.DLL
[0518/235949.985:ERROR:process_memory_win.cc(73)] ReadMemory at 0x7ff95f2e0000 of 64 bytes failed: Only part of a ReadProcessMemory or WriteProcessMemory request was completed. (0x12B)
[0518/235949.985:WARNING:pe_image_reader.cc(340)] could not read dos header from C:\WINDOWS\SYSTEM32\CRYPTBASE.DLL
[0518/235950.111:ERROR:process_memory_win.cc(73)] ReadMemory at 0xdb55fec000 of 81920 bytes failed: Only part of a ReadProcessMemory or WriteProcessMemory request was completed. (0x12B)
[0518/235950.111:ERROR:process_memory_win.cc(73)] ReadMemory at 0xdb567fd000 of 12288 bytes failed: Only part of a ReadProcessMemory or WriteProcessMemory request was completed. (0x12B)
[0518/235950.111:ERROR:process_memory_win.cc(73)] ReadMemory at 0xdb577fc000 of 16384 bytes failed: Only part of a ReadProcessMemory or WriteProcessMemory request was completed. (0x12B)
[0518/235950.111:ERROR:process_memory_win.cc(73)] ReadMemory at 0xdb57ffc000 of 16384 bytes failed: Only part of a ReadProcessMemory or WriteProcessMemory request was completed. (0x12B)
[0518/235950.111:ERROR:process_memory_win.cc(73)] ReadMemory at 0xdb587fe000 of 8192 bytes failed: Only part of a ReadProcessMemory or WriteProcessMemory request was completed. (0x12B)
[0518/235950.111:ERROR:process_memory_win.cc(73)] ReadMemory at 0xdb58ffd000 of 12288 bytes failed: Only part of a ReadProcessMemory or WriteProcessMemory request was completed. (0x12B)
[0518/235950.111:ERROR:process_memory_win.cc(73)] ReadMemory at 0xdb597fb000 of 20480 bytes failed: Only part of a ReadProcessMemory or WriteProcessMemory request was completed. (0x12B)
[0518/235950.111:ERROR:process_memory_win.cc(73)] ReadMemory at 0xdb59ffd000 of 12288 bytes failed: Only part of a ReadProcessMemory or WriteProcessMemory request was completed. (0x12B)
[0518/235950.111:ERROR:process_memory_win.cc(73)] ReadMemory at 0xdb5a7f5000 of 45056 bytes failed: Only part of a ReadProcessMemory or WriteProcessMemory request was completed. (0x12B)
[0518/235950.111:ERROR:process_memory_win.cc(73)] ReadMemory at 0xdb5aff6000 of 40960 bytes failed: Only part of a ReadProcessMemory or WriteProcessMemory request was completed. (0x12B)
[0518/235950.111:ERROR:process_memory_win.cc(73)] ReadMemory at 0xdb5b7fd000 of 12288 bytes failed: Only part of a ReadProcessMemory or WriteProcessMemory request was completed. (0x12B)
[0518/235950.111:ERROR:process_memory_win.cc(73)] ReadMemory at 0xdb5c7f7000 of 36864 bytes failed: Only part of a ReadProcessMemory or WriteProcessMemory request was completed. (0x12B)
[0518/235950.111:ERROR:process_memory_win.cc(73)] ReadMemory at 0xdb5bffd000 of 12288 bytes failed: Only part of a ReadProcessMemory or WriteProcessMemory request was completed. (0x12B)
[0518/235950.111:ERROR:process_memory_win.cc(73)] ReadMemory at 0xdb56fff000 of 4096 bytes failed: Only part of a ReadProcessMemory or WriteProcessMemory request was completed. (0x12B)
[0518/235950.111:ERROR:process_memory_win.cc(73)] ReadMemory at 0xdb55774000 of 852 bytes failed: Only part of a ReadProcessMemory or WriteProcessMemory request was completed. (0x12B)
[0518/235950.111:ERROR:process_memory_win.cc(73)] ReadMemory at 0xdb55775000 of 6024 bytes failed: Only part of a ReadProcessMemory or WriteProcessMemory request was completed. (0x12B)
[0518/235950.111:ERROR:process_memory_win.cc(73)] ReadMemory at 0xdb55777000 of 6024 bytes failed: Only part of a ReadProcessMemory or WriteProcessMemory request was completed. (0x12B)
[0518/235950.111:ERROR:process_memory_win.cc(73)] ReadMemory at 0xdb5577b000 of 6024 bytes failed: Only part of a ReadProcessMemory or WriteProcessMemory request was completed. (0x12B)
[0518/235950.111:ERROR:process_memory_win.cc(73)] ReadMemory at 0xdb5577d000 of 6024 bytes failed: Only part of a ReadProcessMemory or WriteProcessMemory request was completed. (0x12B)
[0518/235950.111:ERROR:process_memory_win.cc(73)] ReadMemory at 0xdb5577f000 of 6024 bytes failed: Only part of a ReadProcessMemory or WriteProcessMemory request was completed. (0x12B)
[0518/235950.111:ERROR:process_memory_win.cc(73)] ReadMemory at 0xdb55781000 of 6024 bytes failed: Only part of a ReadProcessMemory or WriteProcessMemory request was completed. (0x12B)
[0518/235950.111:ERROR:process_memory_win.cc(73)] ReadMemory at 0xdb55783000 of 6024 bytes failed: Only part of a ReadProcessMemory or WriteProcessMemory request was completed. (0x12B)
[0518/235950.111:ERROR:process_memory_win.cc(73)] ReadMemory at 0xdb55785000 of 6024 bytes failed: Only part of a ReadProcessMemory or WriteProcessMemory request was completed. (0x12B)
[0518/235950.111:ERROR:process_memory_win.cc(73)] ReadMemory at 0xdb55787000 of 6024 bytes failed: Only part of a ReadProcessMemory or WriteProcessMemory request was completed. (0x12B)
[0518/235950.111:ERROR:process_memory_win.cc(73)] ReadMemory at 0xdb55789000 of 6024 bytes failed: Only part of a ReadProcessMemory or WriteProcessMemory request was completed. (0x12B)
[0518/235950.111:ERROR:process_memory_win.cc(73)] ReadMemory at 0xdb5578b000 of 6024 bytes failed: Only part of a ReadProcessMemory or WriteProcessMemory request was completed. (0x12B)
[0518/235950.111:ERROR:process_memory_win.cc(73)] ReadMemory at 0xdb5578f000 of 6024 bytes failed: Only part of a ReadProcessMemory or WriteProcessMemory request was completed. (0x12B)
[0518/235950.111:ERROR:process_memory_win.cc(73)] ReadMemory at 0xdb55793000 of 6024 bytes failed: Only part of a ReadProcessMemory or WriteProcessMemory request was completed. (0x12B)
[0518/235950.111:ERROR:process_memory_win.cc(73)] ReadMemory at 0xdb557a3000 of 6024 bytes failed: Only part of a ReadProcessMemory or WriteProcessMemory request was completed. (0x12B)
[0518/235950.111:ERROR:process_memory_win.cc(73)] ReadMemory at 0x2aac31a0750 of 80 bytes failed: Only part of a ReadProcessMemory or WriteProcessMemory request was completed. (0x12B)
[0518/235950.111:ERROR:process_memory_win.cc(73)] ReadMemory at 0x2aac31a0fe0 of 5766 bytes failed: Only part of a ReadProcessMemory or WriteProcessMemory request was completed. (0x12B)
[0518/235950.111:ERROR:process_memory_win.cc(73)] ReadMemory at 0x2aac31a2670 of 1012 bytes failed: Only part of a ReadProcessMemory or WriteProcessMemory request was completed. (0x12B)
[0518/235950.111:ERROR:process_memory_win.cc(73)] ReadMemory at 0x2aac31a2cb8 of 118 bytes failed: Only part of a ReadProcessMemory or WriteProcessMemory request was completed. (0x12B)
[0518/235950.111:ERROR:process_memory_win.cc(73)] ReadMemory at 0x2aac31a2d30 of 752 bytes failed: Only part of a ReadProcessMemory or WriteProcessMemory request was completed. (0x12B)
[0518/235950.111:ERROR:process_memory_win.cc(73)] ReadMemory at 0x2aac31a3022 of 118 bytes failed: Only part of a ReadProcessMemory or WriteProcessMemory request was completed. (0x12B)
[0518/235950.111:ERROR:process_memory_win.cc(73)] ReadMemory at 0x2aac31a309a of 102 bytes failed: Only part of a ReadProcessMemory or WriteProcessMemory request was completed. (0x12B)
[0518/235950.111:ERROR:process_memory_win.cc(73)] ReadMemory at 0x2aac31a3110 of 58 bytes failed: Only part of a ReadProcessMemory or WriteProcessMemory request was completed. (0x12B)
[0518/235950.111:ERROR:process_memory_win.cc(73)] ReadMemory at 0x2aac31a3210 of 132 bytes failed: Only part of a ReadProcessMemory or WriteProcessMemory request was completed. (0x12B)
[0518/235950.111:ERROR:process_memory_win.cc(73)] ReadMemory at 0x2aac31a33a0 of 132 bytes failed: Only part of a ReadProcessMemory or WriteProcessMemory request was completed. (0x12B)
[0518/235950.111:ERROR:process_memory_win.cc(73)] ReadMemory at 0x2aac31a3560 of 126 bytes failed: Only part of a ReadProcessMemory or WriteProcessMemory request was completed. (0x12B)
[0518/235950.111:ERROR:process_memory_win.cc(73)] ReadMemory at 0x2aac31a3940 of 132 bytes failed: Only part of a ReadProcessMemory or WriteProcessMemory request was completed. (0x12B)
[0518/235950.111:ERROR:process_memory_win.cc(73)] ReadMemory at 0x2aac31a3ad0 of 64 bytes failed: Only part of a ReadProcessMemory or WriteProcessMemory request was completed. (0x12B)
[0518/235950.111:ERROR:process_memory_win.cc(73)] ReadMemory at 0x2aac31a3b20 of 132 bytes failed: Only part of a ReadProcessMemory or WriteProcessMemory request was completed. (0x12B)
[0518/235950.111:ERROR:process_memory_win.cc(73)] ReadMemory at 0x2aac31a3c90 of 132 bytes failed: Only part of a ReadProcessMemory or WriteProcessMemory request was completed. (0x12B)
[0518/235950.111:ERROR:process_memory_win.cc(73)] ReadMemory at 0x2aac31a3f30 of 132 bytes failed: Only part of a ReadProcessMemory or WriteProcessMemory request was completed. (0x12B)
[0518/235950.111:ERROR:process_memory_win.cc(73)] ReadMemory at 0x2aac31a40c0 of 68 bytes failed: Only part of a ReadProcessMemory or WriteProcessMemory request was completed. (0x12B)
[0518/235950.111:ERROR:process_memory_win.cc(73)] ReadMemory at 0x2aac31a5190 of 132 bytes failed: Only part of a ReadProcessMemory or WriteProcessMemory request was completed. (0x12B)
[0518/235950.111:ERROR:process_memory_win.cc(73)] ReadMemory at 0x2aac31a5320 of 154 bytes failed: Only part of a ReadProcessMemory or WriteProcessMemory request was completed. (0x12B)
[0518/235950.111:ERROR:process_memory_win.cc(73)] ReadMemory at 0x2aac31a6120 of 62 bytes failed: Only part of a ReadProcessMemory or WriteProcessMemory request was completed. (0x12B)
[0518/235950.111:ERROR:process_memory_win.cc(73)] ReadMemory at 0x2aac31a61a0 of 146 bytes failed: Only part of a ReadProcessMemory or WriteProcessMemory request was completed. (0x12B)
[0518/235950.111:ERROR:process_memory_win.cc(73)] ReadMemory at 0x2aac31a6280 of 132 bytes failed: Only part of a ReadProcessMemory or WriteProcessMemory request was completed. (0x12B)
[0518/235950.111:ERROR:process_memory_win.cc(73)] ReadMemory at 0x2aac31a6410 of 60 bytes failed: Only part of a ReadProcessMemory or WriteProcessMemory request was completed. (0x12B)
[0518/235950.111:ERROR:process_memory_win.cc(73)] ReadMemory at 0x2aac31a67d0 of 132 bytes failed: Only part of a ReadProcessMemory or WriteProcessMemory request was completed. (0x12B)
[0518/235950.111:ERROR:process_memory_win.cc(73)] ReadMemory at 0x2aac31a8bb0 of 132 bytes failed: Only part of a ReadProcessMemory or WriteProcessMemory request was completed. (0x12B)
[0518/235950.111:ERROR:process_memory_win.cc(73)] ReadMemory at 0x2aac31abc90 of 62 bytes failed: Only part of a ReadProcessMemory or WriteProcessMemory request was completed. (0x12B)
[0518/235950.111:ERROR:process_memory_win.cc(73)] ReadMemory at 0x2aac31abce0 of 64 bytes failed: Only part of a ReadProcessMemory or WriteProcessMemory request was completed. (0x12B)
[0518/235950.111:ERROR:process_memory_win.cc(73)] ReadMemory at 0x2aac31abd30 of 66 bytes failed: Only part of a ReadProcessMemory or WriteProcessMemory request was completed. (0x12B)
[0518/235950.127:ERROR:process_memory_win.cc(73)] ReadMemory at 0x2aac31abd80 of 64 bytes failed: Only part of a ReadProcessMemory or WriteProcessMemory request was completed. (0x12B)
[0518/235950.127:ERROR:process_memory_win.cc(73)] ReadMemory at 0x2aac31abe20 of 60 bytes failed: Only part of a ReadProcessMemory or WriteProcessMemory request was completed. (0x12B)
[0518/235950.127:ERROR:process_memory_win.cc(73)] ReadMemory at 0x2aac31abec0 of 62 bytes failed: Only part of a ReadProcessMemory or WriteProcessMemory request was completed. (0x12B)
[0518/235950.127:ERROR:process_memory_win.cc(73)] ReadMemory at 0x2aac31abfb0 of 60 bytes failed: Only part of a ReadProcessMemory or WriteProcessMemory request was completed. (0x12B)
[0518/235950.127:ERROR:process_memory_win.cc(73)] ReadMemory at 0x2aac31ac050 of 64 bytes failed: Only part of a ReadProcessMemory or WriteProcessMemory request was completed. (0x12B)
[0518/235950.127:ERROR:process_memory_win.cc(73)] ReadMemory at 0x2aac31ac0f0 of 64 bytes failed: Only part of a ReadProcessMemory or WriteProcessMemory request was completed. (0x12B)
[0518/235950.127:ERROR:process_memory_win.cc(73)] ReadMemory at 0x2aac31ac6c0 of 54 bytes failed: Only part of a ReadProcessMemory or WriteProcessMemory request was completed. (0x12B)
[0518/235950.127:ERROR:process_memory_win.cc(73)] ReadMemory at 0x2aac31ada90 of 132 bytes failed: Only part of a ReadProcessMemory or WriteProcessMemory request was completed. (0x12B)
[0518/235950.127:ERROR:process_memory_win.cc(73)] ReadMemory at 0x2aac31add20 of 512 bytes failed: Only part of a ReadProcessMemory or WriteProcessMemory request was completed. (0x12B)
[0518/235950.127:ERROR:process_memory_win.cc(73)] ReadMemory at 0x2aac31aeca0 of 132 bytes failed: Only part of a ReadProcessMemory or WriteProcessMemory request was completed. (0x12B)
[0518/235950.127:ERROR:process_memory_win.cc(73)] ReadMemory at 0x2aac31af000 of 132 bytes failed: Only part of a ReadProcessMemory or WriteProcessMemory request was completed. (0x12B)
[0518/235950.128:ERROR:process_memory_win.cc(73)] ReadMemory at 0x2aac31afd00 of 132 bytes failed: Only part of a ReadProcessMemory or WriteProcessMemory request was completed. (0x12B)
[0518/235950.128:ERROR:process_memory_win.cc(73)] ReadMemory at 0x2aac31b0570 of 132 bytes failed: Only part of a ReadProcessMemory or WriteProcessMemory request was completed. (0x12B)
[0518/235950.128:ERROR:process_memory_win.cc(73)] ReadMemory at 0x2aac31b08c0 of 132 bytes failed: Only part of a ReadProcessMemory or WriteProcessMemory request was completed. (0x12B)
[0518/235950.128:ERROR:process_memory_win.cc(73)] ReadMemory at 0x2aac31b0ae0 of 132 bytes failed: Only part of a ReadProcessMemory or WriteProcessMemory request was completed. (0x12B)
[0518/235950.128:ERROR:process_memory_win.cc(73)] ReadMemory at 0x2aac31b40d0 of 132 bytes failed: Only part of a ReadProcessMemory or WriteProcessMemory request was completed. (0x12B)
[0518/235950.128:ERROR:process_memory_win.cc(73)] ReadMemory at 0x2aac31b4200 of 132 bytes failed: Only part of a ReadProcessMemory or WriteProcessMemory request was completed. (0x12B)
[0518/235950.128:ERROR:process_memory_win.cc(73)] ReadMemory at 0x2aac31b4330 of 132 bytes failed: Only part of a ReadProcessMemory or WriteProcessMemory request was completed. (0x12B)
[0518/235950.128:ERROR:process_memory_win.cc(73)] ReadMemory at 0x2aac31b4460 of 132 bytes failed: Only part of a ReadProcessMemory or WriteProcessMemory request was completed. (0x12B)
[0518/235950.128:ERROR:process_memory_win.cc(73)] ReadMemory at 0x2aac31b4590 of 132 bytes failed: Only part of a ReadProcessMemory or WriteProcessMemory request was completed. (0x12B)
[0518/235950.128:ERROR:process_memory_win.cc(73)] ReadMemory at 0x2aac31b46c0 of 132 bytes failed: Only part of a ReadProcessMemory or WriteProcessMemory request was completed. (0x12B)
[0518/235950.128:ERROR:process_memory_win.cc(73)] ReadMemory at 0x2aac31b47f0 of 132 bytes failed: Only part of a ReadProcessMemory or WriteProcessMemory request was completed. (0x12B)
[0518/235950.128:ERROR:process_memory_win.cc(73)] ReadMemory at 0x2aac31b4920 of 132 bytes failed: Only part of a ReadProcessMemory or WriteProcessMemory request was completed. (0x12B)
[0518/235950.128:ERROR:process_memory_win.cc(73)] ReadMemory at 0x2aac31b4a50 of 132 bytes failed: Only part of a ReadProcessMemory or WriteProcessMemory request was completed. (0x12B)
[0518/235950.128:ERROR:process_memory_win.cc(73)] ReadMemory at 0x2aac31b4b80 of 132 bytes failed: Only part of a ReadProcessMemory or WriteProcessMemory request was completed. (0x12B)
[0518/235950.128:ERROR:process_memory_win.cc(73)] ReadMemory at 0x2aac31b4de0 of 132 bytes failed: Only part of a ReadProcessMemory or WriteProcessMemory request was completed. (0x12B)
[0518/235950.128:ERROR:process_memory_win.cc(73)] ReadMemory at 0x2aac31b4f10 of 132 bytes failed: Only part of a ReadProcessMemory or WriteProcessMemory request was completed. (0x12B)
[0518/235950.128:ERROR:process_memory_win.cc(73)] ReadMemory at 0x2aac31b55c0 of 80 bytes failed: Only part of a ReadProcessMemory or WriteProcessMemory request was completed. (0x12B)
[0518/235950.128:ERROR:process_memory_win.cc(73)] ReadMemory at 0x2aac31b5980 of 76 bytes failed: Only part of a ReadProcessMemory or WriteProcessMemory request was completed. (0x12B)
[0518/235950.128:ERROR:process_memory_win.cc(73)] ReadMemory at 0x2aac31b6370 of 60 bytes failed: Only part of a ReadProcessMemory or WriteProcessMemory request was completed. (0x12B)
[0518/235950.128:ERROR:process_memory_win.cc(73)] ReadMemory at 0x2aac31b65a0 of 62 bytes failed: Only part of a ReadProcessMemory or WriteProcessMemory request was completed. (0x12B)
[0518/235950.128:ERROR:process_memory_win.cc(73)] ReadMemory at 0x2aac31b65f0 of 62 bytes failed: Only part of a ReadProcessMemory or WriteProcessMemory request was completed. (0x12B)
[0518/235950.128:ERROR:process_memory_win.cc(73)] ReadMemory at 0x2aac31b66e0 of 64 bytes failed: Only part of a ReadProcessMemory or WriteProcessMemory request was completed. (0x12B)
[0518/235950.128:ERROR:process_memory_win.cc(73)] ReadMemory at 0x2aac31b6780 of 62 bytes failed: Only part of a ReadProcessMemory or WriteProcessMemory request was completed. (0x12B)
[0518/235950.128:ERROR:process_memory_win.cc(73)] ReadMemory at 0x2aac31b6820 of 58 bytes failed: Only part of a ReadProcessMemory or WriteProcessMemory request was completed. (0x12B)
[0518/235950.128:ERROR:process_memory_win.cc(73)] ReadMemory at 0x2aac31b6870 of 60 bytes failed: Only part of a ReadProcessMemory or WriteProcessMemory request was completed. (0x12B)
[0518/235950.128:ERROR:process_memory_win.cc(73)] ReadMemory at 0x2aac31b68c0 of 64 bytes failed: Only part of a ReadProcessMemory or WriteProcessMemory request was completed. (0x12B)
[0518/235950.128:ERROR:process_memory_win.cc(73)] ReadMemory at 0x2aac31b6960 of 66 bytes failed: Only part of a ReadProcessMemory or WriteProcessMemory request was completed. (0x12B)
[0518/235950.128:ERROR:process_memory_win.cc(73)] ReadMemory at 0x2aac31b69b0 of 62 bytes failed: Only part of a ReadProcessMemory or WriteProcessMemory request was completed. (0x12B)
[0518/235950.128:ERROR:process_memory_win.cc(73)] ReadMemory at 0x2aac31b6a00 of 64 bytes failed: Only part of a ReadProcessMemory or WriteProcessMemory request was completed. (0x12B)
[0518/235950.128:ERROR:process_memory_win.cc(73)] ReadMemory at 0x2aac31b6aa0 of 60 bytes failed: Only part of a ReadProcessMemory or WriteProcessMemory request was completed. (0x12B)
[0518/235950.128:ERROR:process_memory_win.cc(73)] ReadMemory at 0x2aac31b6b40 of 62 bytes failed: Only part of a ReadProcessMemory or WriteProcessMemory request was completed. (0x12B)
[0518/235950.128:ERROR:process_memory_win.cc(73)] ReadMemory at 0x2aac31b6b90 of 62 bytes failed: Only part of a ReadProcessMemory or WriteProcessMemory request was completed. (0x12B)
[0518/235950.128:ERROR:process_memory_win.cc(73)] ReadMemory at 0x2aac31b6c80 of 62 bytes failed: Only part of a ReadProcessMemory or WriteProcessMemory request was completed. (0x12B)
[0518/235950.128:ERROR:process_memory_win.cc(73)] ReadMemory at 0x2aac31b6e10 of 62 bytes failed: Only part of a ReadProcessMemory or WriteProcessMemory request was completed. (0x12B)
[0518/235950.128:ERROR:process_memory_win.cc(73)] ReadMemory at 0x2aac31b6f50 of 60 bytes failed: Only part of a ReadProcessMemory or WriteProcessMemory request was completed. (0x12B)
[0518/235950.128:ERROR:process_memory_win.cc(73)] ReadMemory at 0x2aac31b6ff0 of 64 bytes failed: Only part of a ReadProcessMemory or WriteProcessMemory request was completed. (0x12B)
[0518/235950.128:ERROR:process_memory_win.cc(73)] ReadMemory at 0x2aac31b76d0 of 132 bytes failed: Only part of a ReadProcessMemory or WriteProcessMemory request was completed. (0x12B)
[0518/235950.128:ERROR:process_memory_win.cc(73)] ReadMemory at 0x2aac31b7a60 of 132 bytes failed: Only part of a ReadProcessMemory or WriteProcessMemory request was completed. (0x12B)
[0518/235950.128:ERROR:process_memory_win.cc(73)] ReadMemory at 0x2aac31b8050 of 132 bytes failed: Only part of a ReadProcessMemory or WriteProcessMemory request was completed. (0x12B)
[0518/235950.128:ERROR:process_memory_win.cc(73)] ReadMemory at 0x2aac31b8510 of 132 bytes failed: Only part of a ReadProcessMemory or WriteProcessMemory request was completed. (0x12B)
[0518/235950.128:ERROR:process_memory_win.cc(73)] ReadMemory at 0x2aac31b8640 of 132 bytes failed: Only part of a ReadProcessMemory or WriteProcessMemory request was completed. (0x12B)
[0518/235950.128:ERROR:process_memory_win.cc(73)] ReadMemory at 0x2aac31b88a0 of 132 bytes failed: Only part of a ReadProcessMemory or WriteProcessMemory request was completed. (0x12B)
[0518/235950.128:ERROR:process_memory_win.cc(73)] ReadMemory at 0x2aac31b8c30 of 132 bytes failed: Only part of a ReadProcessMemory or WriteProcessMemory request was completed. (0x12B)
[0518/235950.128:ERROR:process_memory_win.cc(73)] ReadMemory at 0x2aac31b8fc0 of 132 bytes failed: Only part of a ReadProcessMemory or WriteProcessMemory request was completed. (0x12B)
[0518/235950.128:ERROR:process_memory_win.cc(73)] ReadMemory at 0x2aac31b90f0 of 132 bytes failed: Only part of a ReadProcessMemory or WriteProcessMemory request was completed. (0x12B)
[0518/235950.128:ERROR:process_memory_win.cc(73)] ReadMemory at 0x2aac31b9350 of 132 bytes failed: Only part of a ReadProcessMemory or WriteProcessMemory request was completed. (0x12B)
[0518/235950.128:ERROR:process_memory_win.cc(73)] ReadMemory at 0x2aac31ce520 of 512 bytes failed: Only part of a ReadProcessMemory or WriteProcessMemory request was completed. (0x12B)
[0518/235950.128:ERROR:process_memory_win.cc(73)] ReadMemory at 0x2aac3420ca0 of 512 bytes failed: Only part of a ReadProcessMemory or WriteProcessMemory request was completed. (0x12B)
[0518/235950.128:ERROR:process_memory_win.cc(73)] ReadMemory at 0x2aac3421000 of 512 bytes failed: Only part of a ReadProcessMemory or WriteProcessMemory request was completed. (0x12B)
[0518/235950.128:ERROR:process_memory_win.cc(73)] ReadMemory at 0x2aac3421900 of 512 bytes failed: Only part of a ReadProcessMemory or WriteProcessMemory request was completed. (0x12B)
[0518/235950.128:ERROR:process_memory_win.cc(73)] ReadMemory at 0x2aac3885db0 of 512 bytes failed: Only part of a ReadProcessMemory or WriteProcessMemory request was completed. (0x12B)
[0518/235950.128:ERROR:process_memory_win.cc(73)] ReadMemory at 0x2aac38a1800 of 512 bytes failed: Only part of a ReadProcessMemory or WriteProcessMemory request was completed. (0x12B)
[0518/235950.128:ERROR:process_memory_win.cc(73)] ReadMemory at 0x2aac38a3460 of 512 bytes failed: Only part of a ReadProcessMemory or WriteProcessMemory request was completed. (0x12B)
[0518/235950.128:ERROR:process_memory_win.cc(73)] ReadMemory at 0x2aac38b2768 of 512 bytes failed: Only part of a ReadProcessMemory or WriteProcessMemory request was completed. (0x12B)
[0518/235950.128:ERROR:process_memory_win.cc(73)] ReadMemory at 0x2aac38d6e30 of 712 bytes failed: Only part of a ReadProcessMemory or WriteProcessMemory request was completed. (0x12B)
[0518/235950.128:ERROR:process_memory_win.cc(73)] ReadMemory at 0x2aac4ff0000 of 384 bytes failed: Only part of a ReadProcessMemory or WriteProcessMemory request was completed. (0x12B)
[0518/235950.128:ERROR:process_memory_win.cc(73)] ReadMemory at 0x2aac5054d70 of 512 bytes failed: Only part of a ReadProcessMemory or WriteProcessMemory request was completed. (0x12B)
[0518/235950.128:ERROR:process_memory_win.cc(73)] ReadMemory at 0x2aac506de10 of 512 bytes failed: Only part of a ReadProcessMemory or WriteProcessMemory request was completed. (0x12B)
[0518/235950.128:ERROR:process_memory_win.cc(73)] ReadMemory at 0x2aac5781028 of 512 bytes failed: Only part of a ReadProcessMemory or WriteProcessMemory request was completed. (0x12B)
[0518/235950.128:ERROR:process_memory_win.cc(73)] ReadMemory at 0x409bea0016a0 of 512 bytes failed: Only part of a ReadProcessMemory or WriteProcessMemory request was completed. (0x12B)
[0518/235950.128:ERROR:process_memory_win.cc(73)] ReadMemory at 0x409bf2a313f8 of 512 bytes failed: Only part of a ReadProcessMemory or WriteProcessMemory request was completed. (0x12B)
[0518/235950.128:ERROR:process_memory_win.cc(73)] ReadMemory at 0x5d23957dd180 of 512 bytes failed: Only part of a ReadProcessMemory or WriteProcessMemory request was completed. (0x12B)
[0518/235950.128:ERROR:process_memory_win.cc(73)] ReadMemory at 0x7ff8e1ccdb7f of 512 bytes failed: Only part of a ReadProcessMemory or WriteProcessMemory request was completed. (0x12B)
[0518/235950.128:ERROR:process_memory_win.cc(73)] ReadMemory at 0x7ff91c777a55 of 512 bytes failed: Only part of a ReadProcessMemory or WriteProcessMemory request was completed. (0x12B)
[0518/235950.128:ERROR:process_memory_win.cc(73)] ReadMemory at 0x7ff91c778245 of 512 bytes failed: Only part of a ReadProcessMemory or WriteProcessMemory request was completed. (0x12B)
[0518/235950.128:ERROR:process_memory_win.cc(73)] ReadMemory at 0x7ff9625dc074 of 672 bytes failed: Only part of a ReadProcessMemory or WriteProcessMemory request was completed. (0x12B)
[0518/235950.128:ERROR:process_memory_win.cc(73)] ReadMemory at 0x7ff9625df924 of 608 bytes failed: Only part of a ReadProcessMemory or WriteProcessMemory request was completed. (0x12B)
[0518/235950.128:ERROR:process_memory_win.cc(73)] ReadMemory at 0x7ff96266c428 of 18 bytes failed: Only part of a ReadProcessMemory or WriteProcessMemory request was completed. (0x12B)
[0518/235950.128:ERROR:process_memory_win.cc(73)] ReadMemory at 0x7ff96269f4f8 of 40 bytes failed: Only part of a ReadProcessMemory or WriteProcessMemory request was completed. (0x12B)
[0518/235950.128:ERROR:process_memory_win.cc(73)] ReadMemory at 0x7ff96269f978 of 48 bytes failed: Only part of a ReadProcessMemory or WriteProcessMemory request was completed. (0x12B)
[0518/235950.128:ERROR:process_memory_win.cc(73)] ReadMemory at 0x7ff9626a53c0 of 64 bytes failed: Only part of a ReadProcessMemory or WriteProcessMemory request was completed. (0x12B)
[0518/235950.152:ERROR:scoped_process_suspend.cc(40)] NtResumeProcess: An attempt was made to access an exiting process. (0xc000010a)
